[debug] [2019-05-20T21:23:39.320Z] ----------------------------------------------------------------------
[debug] [2019-05-20T21:23:39.324Z] Command:       /Users/mac/.nvm/versions/node/v11.11.0/bin/node /Users/mac/.nvm/versions/node/v11.11.0/bin/firebase deploy --only hosting
[debug] [2019-05-20T21:23:39.324Z] CLI Version:   6.10.0
[debug] [2019-05-20T21:23:39.324Z] Platform:      darwin
[debug] [2019-05-20T21:23:39.324Z] Node Version:  v11.11.0
[debug] [2019-05-20T21:23:39.325Z] Time:          Mon May 20 2019 22:23:39 GMT+0100 (West Africa Standard Time)
[debug] [2019-05-20T21:23:39.325Z] ----------------------------------------------------------------------
[debug] 
[debug] [2019-05-20T21:23:39.339Z] > command requires scopes: ["email","openid","https://www.googleapis.com/auth/cloudplatformprojects.readonly","https://www.googleapis.com/auth/firebase","https://www.googleapis.com/auth/cloud-platform"]
[debug] [2019-05-20T21:23:39.339Z] > authorizing via signed-in user
[debug] [2019-05-20T21:23:39.339Z] [iam] checking project callezenwaka for permissions ["firebase.projects.get","firebasehosting.sites.update"]
[debug] [2019-05-20T21:23:39.342Z] >>> HTTP REQUEST POST https://cloudresourcemanager.googleapis.com/v1/projects/callezenwaka:testIamPermissions  

[debug] [2019-05-20T21:23:41.031Z] <<< HTTP RESPONSE 200
[debug] [2019-05-20T21:23:41.034Z] >>> HTTP REQUEST GET https://firebase.googleapis.com/v1beta1/projects/callezenwaka  
 
[debug] [2019-05-20T21:23:41.562Z] <<< HTTP RESPONSE 200
[info] 
[info] === Deploying to 'callezenwaka'...
[info] 
[info] i  deploying hosting
[debug] [2019-05-20T21:23:41.566Z] >>> HTTP REQUEST POST https://firebasehosting.googleapis.com/v1beta1/sites/callezenwaka/versions  

[debug] [2019-05-20T21:23:43.869Z] <<< HTTP RESPONSE 200
[info] i  hosting[callezenwaka]: beginning deploy...
[info] i  hosting[callezenwaka]: found 42 files in dist
[debug] [2019-05-20T21:23:43.888Z] [hosting] hash cache [ZGlzdA] load error: lines is not defined
[debug] [2019-05-20T21:23:44.070Z] [hosting] hash cache [ZGlzdA] stored for 42 files
[debug] [2019-05-20T21:23:44.071Z] [hosting][hash queue][FINAL]
[debug] [2019-05-20T21:23:44.071Z] >>> HTTP REQUEST POST https://firebasehosting.googleapis.com/v1beta1/sites/callezenwaka/versions/03a9648d6e469111:populateFiles  
 <request body omitted>
[debug] [2019-05-20T21:23:46.755Z] <<< HTTP RESPONSE 200
[debug] [2019-05-20T21:23:46.760Z] [hosting][populate queue][FINAL]
[debug] [2019-05-20T21:23:46.760Z] [hosting] uploads queued: 6
[debug] [2019-05-20T21:23:49.698Z] [hosting][upload queue][FINAL]
[info] ✔  hosting[callezenwaka]: file upload complete
[debug] [2019-05-20T21:23:49.698Z] [hosting] deploy completed after 5828ms
[debug] [2019-05-20T21:23:50.199Z] [
  {
    "config": {
      "public": "dist",
      "ignore": [
        "firebase.json",
        "**/.*",
        "**/node_modules/**"
      ],
      "rewrites": [
        {
          "source": "**",
          "destination": "/index.html"
        }
      ],
      "site": "callezenwaka"
    },
    "site": "callezenwaka",
    "version": "sites/callezenwaka/versions/03a9648d6e469111"
  }
]
[info] i  hosting[callezenwaka]: finalizing version...
[debug] [2019-05-20T21:23:50.200Z] >>> HTTP REQUEST PATCH https://firebasehosting.googleapis.com/v1beta1/sites/callezenwaka/versions/03a9648d6e469111?updateMask=status  

